==28814== Memcheck, a memory error detector
==28814== Copyright (C) 2002-2015, and GNU GPL'd, by Julian Seward et al.
==28814== Using Valgrind-3.11.0 and LibVEX; rerun with -h for copyright info
==28814== Command: ./scheduler -t 4 -v --fcfs
==28814== 
==28814== 
==28814== HEAP SUMMARY:
==28814==     in use at exit: 1,440 bytes in 54 blocks
==28814==   total heap usage: 157 allocs, 103 frees, 18,754 bytes allocated
==28814== 
==28814== 16 bytes in 1 blocks are still reachable in loss record 1 of 14
==28814==    at 0x4C2FB55: calloc (in /usr/lib/valgrind/vgpreload_memcheck-amd64-linux.so)
==28814==    by 0x40401E: create_job_scheduler (in /afs/cats.ucsc.edu/users/x/airanman/cse130-assignments/a4_schedulers/scheduler)
==28814==    by 0x402627: start (in /afs/cats.ucsc.edu/users/x/airanman/cse130-assignments/a4_schedulers/scheduler)
==28814==    by 0x4020FE: main (in /afs/cats.ucsc.edu/users/x/airanman/cse130-assignments/a4_schedulers/scheduler)
==28814== 
==28814== 16 bytes in 1 blocks are still reachable in loss record 2 of 14
==28814==    at 0x4C2DB8F: malloc (in /usr/lib/valgrind/vgpreload_memcheck-amd64-linux.so)
==28814==    by 0x4013A9: _create (in /afs/cats.ucsc.edu/users/x/airanman/cse130-assignments/a4_schedulers/scheduler)
==28814==    by 0x40155E: h_set_processes (in /afs/cats.ucsc.edu/users/x/airanman/cse130-assignments/a4_schedulers/scheduler)
==28814==    by 0x40267E: start (in /afs/cats.ucsc.edu/users/x/airanman/cse130-assignments/a4_schedulers/scheduler)
==28814==    by 0x4020FE: main (in /afs/cats.ucsc.edu/users/x/airanman/cse130-assignments/a4_schedulers/scheduler)
==28814== 
==28814== 16 bytes in 1 blocks are still reachable in loss record 3 of 14
==28814==    at 0x4C2DB8F: malloc (in /usr/lib/valgrind/vgpreload_memcheck-amd64-linux.so)
==28814==    by 0x4013D7: _create (in /afs/cats.ucsc.edu/users/x/airanman/cse130-assignments/a4_schedulers/scheduler)
==28814==    by 0x40155E: h_set_processes (in /afs/cats.ucsc.edu/users/x/airanman/cse130-assignments/a4_schedulers/scheduler)
==28814==    by 0x40267E: start (in /afs/cats.ucsc.edu/users/x/airanman/cse130-assignments/a4_schedulers/scheduler)
==28814==    by 0x4020FE: main (in /afs/cats.ucsc.edu/users/x/airanman/cse130-assignments/a4_schedulers/scheduler)
==28814== 
==28814== 16 bytes in 1 blocks are still reachable in loss record 4 of 14
==28814==    at 0x4C2DB8F: malloc (in /usr/lib/valgrind/vgpreload_memcheck-amd64-linux.so)
==28814==    by 0x401405: _create (in /afs/cats.ucsc.edu/users/x/airanman/cse130-assignments/a4_schedulers/scheduler)
==28814==    by 0x40155E: h_set_processes (in /afs/cats.ucsc.edu/users/x/airanman/cse130-assignments/a4_schedulers/scheduler)
==28814==    by 0x40267E: start (in /afs/cats.ucsc.edu/users/x/airanman/cse130-assignments/a4_schedulers/scheduler)
==28814==    by 0x4020FE: main (in /afs/cats.ucsc.edu/users/x/airanman/cse130-assignments/a4_schedulers/scheduler)
==28814== 
==28814== 24 bytes in 1 blocks are still reachable in loss record 5 of 14
==28814==    at 0x4C2FB55: calloc (in /usr/lib/valgrind/vgpreload_memcheck-amd64-linux.so)
==28814==    by 0x40400B: create_job_scheduler (in /afs/cats.ucsc.edu/users/x/airanman/cse130-assignments/a4_schedulers/scheduler)
==28814==    by 0x402627: start (in /afs/cats.ucsc.edu/users/x/airanman/cse130-assignments/a4_schedulers/scheduler)
==28814==    by 0x4020FE: main (in /afs/cats.ucsc.edu/users/x/airanman/cse130-assignments/a4_schedulers/scheduler)
==28814== 
==28814== 24 bytes in 1 blocks are still reachable in loss record 6 of 14
==28814==    at 0x4C2FB55: calloc (in /usr/lib/valgrind/vgpreload_memcheck-amd64-linux.so)
==28814==    by 0x4016DD: save_usage (in /afs/cats.ucsc.edu/users/x/airanman/cse130-assignments/a4_schedulers/scheduler)
==28814==    by 0x4019C5: harnessing (in /afs/cats.ucsc.edu/users/x/airanman/cse130-assignments/a4_schedulers/scheduler)
==28814==    by 0x404463: start_simulate (in /afs/cats.ucsc.edu/users/x/airanman/cse130-assignments/a4_schedulers/scheduler)
==28814==    by 0x40296E: start (in /afs/cats.ucsc.edu/users/x/airanman/cse130-assignments/a4_schedulers/scheduler)
==28814==    by 0x4020FE: main (in /afs/cats.ucsc.edu/users/x/airanman/cse130-assignments/a4_schedulers/scheduler)
==28814== 
==28814== 24 bytes in 1 blocks are still reachable in loss record 7 of 14
==28814==    at 0x4C2DB8F: malloc (in /usr/lib/valgrind/vgpreload_memcheck-amd64-linux.so)
==28814==    by 0x402978: start (in /afs/cats.ucsc.edu/users/x/airanman/cse130-assignments/a4_schedulers/scheduler)
==28814==    by 0x4020FE: main (in /afs/cats.ucsc.edu/users/x/airanman/cse130-assignments/a4_schedulers/scheduler)
==28814== 
==28814== 24 bytes in 1 blocks are still reachable in loss record 8 of 14
==28814==    at 0x4C2DB8F: malloc (in /usr/lib/valgrind/vgpreload_memcheck-amd64-linux.so)
==28814==    by 0x4011F4: stats (scheduler.c:108)
==28814==    by 0x40212D: main (in /afs/cats.ucsc.edu/users/x/airanman/cse130-assignments/a4_schedulers/scheduler)
==28814== 
==28814== 64 bytes in 4 blocks are still reachable in loss record 9 of 14
==28814==    at 0x4C2DB8F: malloc (in /usr/lib/valgrind/vgpreload_memcheck-amd64-linux.so)
==28814==    by 0x403E5F: js_enqueue (in /afs/cats.ucsc.edu/users/x/airanman/cse130-assignments/a4_schedulers/scheduler)
==28814==    by 0x4040E8: create_processes (in /afs/cats.ucsc.edu/users/x/airanman/cse130-assignments/a4_schedulers/scheduler)
==28814==    by 0x402668: start (in /afs/cats.ucsc.edu/users/x/airanman/cse130-assignments/a4_schedulers/scheduler)
==28814==    by 0x4020FE: main (in /afs/cats.ucsc.edu/users/x/airanman/cse130-assignments/a4_schedulers/scheduler)
==28814== 
==28814== 96 bytes in 1 blocks are still reachable in loss record 10 of 14
==28814==    at 0x4C2DB8F: malloc (in /usr/lib/valgrind/vgpreload_memcheck-amd64-linux.so)
==28814==    by 0x402997: start (in /afs/cats.ucsc.edu/users/x/airanman/cse130-assignments/a4_schedulers/scheduler)
==28814==    by 0x4020FE: main (in /afs/cats.ucsc.edu/users/x/airanman/cse130-assignments/a4_schedulers/scheduler)
==28814== 
==28814== 96 bytes in 1 blocks are still reachable in loss record 11 of 14
==28814==    at 0x4C2DB8F: malloc (in /usr/lib/valgrind/vgpreload_memcheck-amd64-linux.so)
==28814==    by 0x401216: stats (scheduler.c:109)
==28814==    by 0x40212D: main (in /afs/cats.ucsc.edu/users/x/airanman/cse130-assignments/a4_schedulers/scheduler)
==28814== 
==28814== 96 bytes in 4 blocks are still reachable in loss record 12 of 14
==28814==    at 0x4C2FB55: calloc (in /usr/lib/valgrind/vgpreload_memcheck-amd64-linux.so)
==28814==    by 0x4014EE: _enqueue (in /afs/cats.ucsc.edu/users/x/airanman/cse130-assignments/a4_schedulers/scheduler)
==28814==    by 0x4015A5: h_set_processes (in /afs/cats.ucsc.edu/users/x/airanman/cse130-assignments/a4_schedulers/scheduler)
==28814==    by 0x40267E: start (in /afs/cats.ucsc.edu/users/x/airanman/cse130-assignments/a4_schedulers/scheduler)
==28814==    by 0x4020FE: main (in /afs/cats.ucsc.edu/users/x/airanman/cse130-assignments/a4_schedulers/scheduler)
==28814== 
==28814== 160 bytes in 4 blocks are still reachable in loss record 13 of 14
==28814==    at 0x4C2FB55: calloc (in /usr/lib/valgrind/vgpreload_memcheck-amd64-linux.so)
==28814==    by 0x4056F2: create_process (in /afs/cats.ucsc.edu/users/x/airanman/cse130-assignments/a4_schedulers/scheduler)
==28814==    by 0x4040CE: create_processes (in /afs/cats.ucsc.edu/users/x/airanman/cse130-assignments/a4_schedulers/scheduler)
==28814==    by 0x402668: start (in /afs/cats.ucsc.edu/users/x/airanman/cse130-assignments/a4_schedulers/scheduler)
==28814==    by 0x4020FE: main (in /afs/cats.ucsc.edu/users/x/airanman/cse130-assignments/a4_schedulers/scheduler)
==28814== 
==28814== 768 bytes in 32 blocks are still reachable in loss record 14 of 14
==28814==    at 0x4C2FB55: calloc (in /usr/lib/valgrind/vgpreload_memcheck-amd64-linux.so)
==28814==    by 0x4016DD: save_usage (in /afs/cats.ucsc.edu/users/x/airanman/cse130-assignments/a4_schedulers/scheduler)
==28814==    by 0x4019F7: harnessing (in /afs/cats.ucsc.edu/users/x/airanman/cse130-assignments/a4_schedulers/scheduler)
==28814==    by 0x404463: start_simulate (in /afs/cats.ucsc.edu/users/x/airanman/cse130-assignments/a4_schedulers/scheduler)
==28814==    by 0x40296E: start (in /afs/cats.ucsc.edu/users/x/airanman/cse130-assignments/a4_schedulers/scheduler)
==28814==    by 0x4020FE: main (in /afs/cats.ucsc.edu/users/x/airanman/cse130-assignments/a4_schedulers/scheduler)
==28814== 
==28814== LEAK SUMMARY:
==28814==    definitely lost: 0 bytes in 0 blocks
==28814==    indirectly lost: 0 bytes in 0 blocks
==28814==      possibly lost: 0 bytes in 0 blocks
==28814==    still reachable: 1,440 bytes in 54 blocks
==28814==         suppressed: 0 bytes in 0 blocks
==28814== 
==28814== For counts of detected and suppressed errors, rerun with: -v
==28814== ERROR SUMMARY: 0 errors from 0 contexts (suppressed: 0 from 0)
