==17171== Memcheck, a memory error detector
==17171== Copyright (C) 2002-2015, and GNU GPL'd, by Julian Seward et al.
==17171== Using Valgrind-3.11.0 and LibVEX; rerun with -h for copyright info
==17171== Command: ./psort -m 1034
==17171== 
--17171-- Valgrind options:
--17171--    --leak-check=full
--17171--    --show-reachable=yes
--17171--    -v
--17171-- Contents of /proc/version:
--17171--   Linux version 4.4.0-206-generic (buildd@lgw01-amd64-039) (gcc version 5.4.0 20160609 (Ubuntu 5.4.0-6ubuntu1~16.04.12) ) #238-Ubuntu SMP Tue Mar 16 07:52:37 UTC 2021
--17171-- 
--17171-- Arch and hwcaps: AMD64, LittleEndian, amd64-cx16-rdtscp-sse3
--17171-- Page sizes: currently 4096, max supported 4096
--17171-- Valgrind library directory: /usr/lib/valgrind
--17171-- Reading syms from /afs/cats.ucsc.edu/users/x/airanman/cse130-assignments/assignment1_multiprocess_mergesort/psort
--17171-- Reading syms from /lib/x86_64-linux-gnu/ld-2.23.so
--17171--   Considering /lib/x86_64-linux-gnu/ld-2.23.so ..
--17171--   .. CRC mismatch (computed 2b0241bb wanted 2b26b6ff)
--17171--   Considering /usr/lib/debug/lib/x86_64-linux-gnu/ld-2.23.so ..
--17171--   .. CRC is valid
--17171-- Reading syms from /usr/lib/valgrind/memcheck-amd64-linux
--17171--   Considering /usr/lib/valgrind/memcheck-amd64-linux ..
--17171--   .. CRC mismatch (computed eea41ea9 wanted 2009db78)
--17171--    object doesn't have a symbol table
--17171--    object doesn't have a dynamic symbol table
--17171-- Scheduler: using generic scheduler lock implementation.
--17171-- Reading suppressions file: /usr/lib/valgrind/default.supp
==17171== embedded gdbserver: reading from /tmp/vgdb-pipe-from-vgdb-to-17171-by-airanman-on-???
==17171== embedded gdbserver: writing to   /tmp/vgdb-pipe-to-vgdb-from-17171-by-airanman-on-???
==17171== embedded gdbserver: shared mem   /tmp/vgdb-pipe-shared-mem-vgdb-17171-by-airanman-on-???
==17171== 
==17171== TO CONTROL THIS PROCESS USING vgdb (which you probably
==17171== don't want to do, unless you know exactly what you're doing,
==17171== or are doing some strange experiment):
==17171==   /usr/lib/valgrind/../../bin/vgdb --pid=17171 ...command...
==17171== 
==17171== TO DEBUG THIS PROCESS USING GDB: start GDB like this
==17171==   /path/to/gdb ./psort
==17171== and then give GDB the following command
==17171==   target remote | /usr/lib/valgrind/../../bin/vgdb --pid=17171
==17171== --pid is optional if only one valgrind process is running
==17171== 
--17171-- REDIR: 0x401cf40 (ld-linux-x86-64.so.2:strlen) redirected to 0x3809e181 (???)
--17171-- Reading syms from /usr/lib/valgrind/vgpreload_core-amd64-linux.so
--17171--   Considering /usr/lib/valgrind/vgpreload_core-amd64-linux.so ..
--17171--   .. CRC mismatch (computed 2567ccf6 wanted 49420590)
--17171--    object doesn't have a symbol table
--17171-- Reading syms from /usr/lib/valgrind/vgpreload_memcheck-amd64-linux.so
--17171--   Considering /usr/lib/valgrind/vgpreload_memcheck-amd64-linux.so ..
--17171--   .. CRC mismatch (computed 0e27c9a8 wanted ac585421)
--17171--    object doesn't have a symbol table
==17171== WARNING: new redirection conflicts with existing -- ignoring it
--17171--     old: 0x0401cf40 (strlen              ) R-> (0000.0) 0x3809e181 ???
--17171--     new: 0x0401cf40 (strlen              ) R-> (2007.0) 0x04c31020 strlen
--17171-- REDIR: 0x401b890 (ld-linux-x86-64.so.2:index) redirected to 0x4c30bc0 (index)
--17171-- REDIR: 0x401bab0 (ld-linux-x86-64.so.2:strcmp) redirected to 0x4c320d0 (strcmp)
--17171-- REDIR: 0x401dca0 (ld-linux-x86-64.so.2:mempcpy) redirected to 0x4c35270 (mempcpy)
--17171-- Reading syms from /lib/x86_64-linux-gnu/librt-2.23.so
--17171--   Considering /lib/x86_64-linux-gnu/librt-2.23.so ..
--17171--   .. CRC mismatch (computed f8be9020 wanted 17f12362)
--17171--   Considering /usr/lib/debug/lib/x86_64-linux-gnu/librt-2.23.so ..
--17171--   .. CRC is valid
--17171-- Reading syms from /lib/x86_64-linux-gnu/libc-2.23.so
--17171--   Considering /lib/x86_64-linux-gnu/libc-2.23.so ..
--17171--   .. CRC mismatch (computed 53ae885f wanted a963d847)
--17171--   Considering /usr/lib/debug/lib/x86_64-linux-gnu/libc-2.23.so ..
--17171--   .. CRC is valid
--17171-- Reading syms from /lib/x86_64-linux-gnu/libpthread-2.23.so
--17171--   Considering /usr/lib/debug/.build-id/3d/b0b0ee6244f5b89ab1d535f91b17d162cc1701.debug ..
--17171--   .. build-id is valid
--17171-- REDIR: 0x50d1a80 (libc.so.6:strcasecmp) redirected to 0x4a286f0 (_vgnU_ifunc_wrapper)
--17171-- REDIR: 0x50cd300 (libc.so.6:strcspn) redirected to 0x4a286f0 (_vgnU_ifunc_wrapper)
--17171-- REDIR: 0x50d3d70 (libc.so.6:strncasecmp) redirected to 0x4a286f0 (_vgnU_ifunc_wrapper)
--17171-- REDIR: 0x50cf770 (libc.so.6:strpbrk) redirected to 0x4a286f0 (_vgnU_ifunc_wrapper)
--17171-- REDIR: 0x50cfb00 (libc.so.6:strspn) redirected to 0x4a286f0 (_vgnU_ifunc_wrapper)
--17171-- REDIR: 0x50d11cb (libc.so.6:memcpy@GLIBC_2.2.5) redirected to 0x4a286f0 (_vgnU_ifunc_wrapper)
--17171-- REDIR: 0x50cf480 (libc.so.6:rindex) redirected to 0x4c308a0 (rindex)
--17171-- REDIR: 0x50c6180 (libc.so.6:malloc) redirected to 0x4c2db20 (malloc)
--17171-- REDIR: 0x50d64f0 (libc.so.6:__GI_memcpy) redirected to 0x4c32b00 (__GI_memcpy)
--17171-- REDIR: 0x50c6d80 (libc.so.6:calloc) redirected to 0x4c2faa0 (calloc)
--17171-- REDIR: 0x50d1430 (libc.so.6:__GI_mempcpy) redirected to 0x4c34fa0 (__GI_mempcpy)
--17171-- REDIR: 0x50c6540 (libc.so.6:free) redirected to 0x4c2ed80 (free)
--17171-- REDIR: 0x50cbd50 (libc.so.6:strcmp) redirected to 0x4a286f0 (_vgnU_ifunc_wrapper)
--17171-- REDIR: 0x50e15f0 (libc.so.6:__strcmp_sse2_unaligned) redirected to 0x4c31f90 (strcmp)
--17171-- REDIR: 0x50cd7a0 (libc.so.6:strlen) redirected to 0x4c30f60 (strlen)
--17171-- REDIR: 0x50cbb00 (libc.so.6:index) redirected to 0x4a286f0 (_vgnU_ifunc_wrapper)
--17171-- REDIR: 0x50cbb30 (libc.so.6:__GI_strchr) redirected to 0x4c30a00 (__GI_strchr)
--17171-- REDIR: 0x50d13b0 (libc.so.6:mempcpy) redirected to 0x4a286f0 (_vgnU_ifunc_wrapper)
--17171-- REDIR: 0x519da50 (libc.so.6:__mempcpy_ssse3_back) redirected to 0x4c34eb0 (mempcpy)
==17315== embedded gdbserver: reading from /tmp/vgdb-pipe-from-vgdb-to-17315-by-airanman-on-???
==17315== embedded gdbserver: writing to   /tmp/vgdb-pipe-to-vgdb-from-17315-by-airanman-on-???
==17315== embedded gdbserver: shared mem   /tmp/vgdb-pipe-shared-mem-vgdb-17315-by-airanman-on-???
==17315== 
==17315== TO CONTROL THIS PROCESS USING vgdb (which you probably
==17315== don't want to do, unless you know exactly what you're doing,
==17315== or are doing some strange experiment):
==17315==   /usr/lib/valgrind/../../bin/vgdb --pid=17315 ...command...
==17315== 
==17315== TO DEBUG THIS PROCESS USING GDB: start GDB like this
==17315==   /path/to/gdb ./psort
==17315== and then give GDB the following command
==17315==   target remote | /usr/lib/valgrind/../../bin/vgdb --pid=17315
==17315== --pid is optional if only one valgrind process is running
==17315== 
==17315== 
==17315== HEAP SUMMARY:
==17315==     in use at exit: 0 bytes in 0 blocks
==17315==   total heap usage: 7 allocs, 7 frees, 9,132 bytes allocated
==17315== 
==17315== All heap blocks were freed -- no leaks are possible
==17315== 
==17315== ERROR SUMMARY: 0 errors from 0 contexts (suppressed: 0 from 0)
==17315== ERROR SUMMARY: 0 errors from 0 contexts (suppressed: 0 from 0)
--17171-- REDIR: 0x50d87e0 (libc.so.6:strchrnul) redirected to 0x4c34da0 (strchrnul)
 Multi Process: PASS
==17171== 
==17171== HEAP SUMMARY:
==17171==     in use at exit: 0 bytes in 0 blocks
==17171==   total heap usage: 8 allocs, 8 frees, 13,228 bytes allocated
==17171== 
==17171== All heap blocks were freed -- no leaks are possible
==17171== 
==17171== ERROR SUMMARY: 0 errors from 0 contexts (suppressed: 0 from 0)
==17171== ERROR SUMMARY: 0 errors from 0 contexts (suppressed: 0 from 0)
