==17520== Memcheck, a memory error detector
==17520== Copyright (C) 2002-2015, and GNU GPL'd, by Julian Seward et al.
==17520== Using Valgrind-3.11.0 and LibVEX; rerun with -h for copyright info
==17520== Command: ./usort -m 32
==17520== 
==17708== 
==17708== HEAP SUMMARY:
==17708==     in use at exit: 0 bytes in 0 blocks
==17708==   total heap usage: 8 allocs, 8 frees, 13,228 bytes allocated
==17708== 
==17708== All heap blocks were freed -- no leaks are possible
==17708== 
==17708== For counts of detected and suppressed errors, rerun with: -v
==17708== ERROR SUMMARY: 0 errors from 0 contexts (suppressed: 0 from 0)
==17520== 
==17520== HEAP SUMMARY:
==17520==     in use at exit: 0 bytes in 0 blocks
==17520==   total heap usage: 8 allocs, 8 frees, 13,228 bytes allocated
==17520== 
==17520== All heap blocks were freed -- no leaks are possible
==17520== 
==17520== For counts of detected and suppressed errors, rerun with: -v
==17520== ERROR SUMMARY: 0 errors from 0 contexts (suppressed: 0 from 0)
valgrind: ./posrt: No such file or directory
