



















1 1 2 3 4 4 5 6 6 7 7 7 8 8 9 9 9 10 12 12 13 13 13 17 17 18 19 21 22 22 22 24 24 24 27 28 28 29 32 32 34 34 36 36 37 37 38 39 39 40 41 42 42 43 44 46 50 51 51 52 53 53 54 54 54 54 55 56 57 59 60 61 61 62 65 65 66 66 66 66 66 67 68 68 69 71 72 72 72 74 74 75 76 76 76 77 77 77 79 79 80 81 81 82 82 83 84 85 86 94 95 96 96 96 96 97 
1 4 5 6 7 8 12 12 13 13 17 21 22 24 24 28 29 36 37 41 43 51 54 68 71 72 72 74 75 77 79 80 81 81 96 96 4 7 10 22 22 32 34 53 53 59 61 67 76 82 83 86 95 96 24 28 39 42 44 46 50 51 60 66 66 66 68 74 76 76 77 77 96 97 
1 4 5 6 7 8 12 12 13 17 21 22 24 24 28 29 36 37 43 51 54 68 71 72 72 74 75 77 79 80 81 81 96 96 7 10 13 22 22 32 34 41 53 53 59 61 67 76 82 83 95 4 24 39 42 44 46 50 51 60 66 66 66 68 74 76 77 77 86 96 96 
1 4 4 5 6 7 7 8 10 12 12 13 13 17 21 22 22 22 24 24 28 29 32 34 36 37 41 43 51 53 53 54 59 61 67 68 71 72 72 74 75 76 77 79 80 81 81 82 83 86 95 96 96 96 3 9 24 27 28 36 37 39 42 44 46 50 51 56 60 66 66 66 68 69 74 76 76 77 77 96 97 1 2 6 7 8 9 9 13 17 32 34 38 39 40 42 54 54 57 61 62 65 65 66 66 72 79 82 85 94 
1 4 4 5 6 7 7 8 10 12 12 13 13 17 21 22 22 22 24 24 24 28 29 32 34 36 37 39 41 42 43 44 46 50 51 51 53 53 54 59 60 61 66 67 68 68 71 72 72 74 74 75 76 76 77 77 77 79 80 81 81 82 83 86 95 96 96 96 96 
1 4 4 5 6 7 7 8 10 12 12 13 13 17 21 22 22 22 24 24 24 28 29 32 34 36 37 41 42 43 46 51 53 53 54 59 61 66 67 68 68 71 72 72 74 74 75 76 76 77 77 79 80 81 81 82 83 86 95 96 96 96 3 6 8 9 9 27 28 32 34 36 37 38 39 40 44 50 51 54 54 56 60 62 66 66 69 72 76 77 94 96 97 1 2 7 9 13 16 17 18 19 31 37 39 39 42 43 48 52 53 54 55 57 61 61 65 65 66 66 78 79 82 84 85 90 
1 1 2 3 4 4 5 6 6 7 7 7 8 8 9 9 9 10 12 12 13 13 13 17 17 19 21 22 22 22 24 24 24 27 28 28 29 32 32 34 34 36 36 37 37 38 39 39 40 41 42 42 43 44 46 50 51 51 52 53 53 54 54 54 56 57 59 60 61 61 62 65 65 66 66 66 66 66 67 68 68 69 71 72 72 72 74 74 75 76 76 76 77 77 77 79 79 80 81 81 82 82 83 85 86 94 95 96 96 96 96 97 
1 4 4 5 6 7 7 8 10 12 12 13 13 17 21 22 22 22 24 24 24 28 29 32 34 36 37 41 43 51 53 53 54 59 61 67 68 71 72 72 74 75 76 77 77 79 80 81 81 82 83 86 95 96 96 96 3 9 27 28 32 36 37 38 39 42 44 46 50 51 54 56 60 66 66 66 68 69 74 76 76 77 96 97 1 2 6 7 8 9 9 13 17 18 19 34 39 40 42 52 54 57 61 62 65 65 66 66 72 79 82 84 85 94 
1 4 5 6 7 7 8 10 12 12 13 13 17 21 22 22 22 24 24 28 29 32 34 36 37 41 43 51 53 54 59 61 67 68 71 72 72 74 75 76 77 79 80 81 81 82 83 95 96 96 4 9 24 28 39 42 44 46 50 51 53 60 66 66 66 68 74 76 76 77 77 86 96 96 97 1 2 3 6 7 8 9 9 27 32 34 36 37 38 40 42 54 54 56 57 62 65 66 69 72 79 85 94 
1 1 2 3 4 4 5 6 6 7 7 7 8 8 9 9 9 10 10 12 12 13 13 13 16 17 17 18 19 21 22 22 22 22 24 24 24 27 28 28 29 31 32 32 34 34 36 36 37 37 37 38 39 39 39 40 41 42 42 43 43 44 46 48 50 51 51 52 53 53 53 54 54 54 54 55 56 57 59 60 61 61 61 62 65 65 66 66 66 66 66 67 68 68 69 71 72 72 72 74 74 75 76 76 76 77 77 77 78 79 79 80 81 81 82 82 83 84 85 86 90 94 95 96 96 96 96 97 
1 1 2 3 4 4 5 6 6 7 7 7 8 8 9 9 9 10 10 12 12 13 13 13 16 17 17 18 19 21 22 22 22 22 24 24 24 27 28 28 29 31 32 32 34 34 36 36 37 37 37 38 39 39 39 40 41 42 42 43 43 44 46 48 50 51 51 52 53 53 53 54 54 54 54 55 56 57 59 60 61 61 61 62 65 65 66 66 66 66 66 67 68 68 69 71 72 72 72 74 74 75 76 76 76 77 77 77 78 79 79 80 81 81 82 82 83 84 85 86 90 94 95 96 96 96 96 97 
1 1 2 3 4 4 5 6 6 7 7 7 8 8 9 9 9 10 10 12 12 13 13 13 16 17 17 18 19 21 22 22 22 22 24 24 24 27 28 28 29 31 32 32 34 34 36 36 37 37 37 38 39 39 39 40 41 42 42 43 43 44 46 48 50 51 51 52 53 53 53 54 54 54 54 55 56 57 59 60 61 61 61 62 65 65 66 66 66 66 66 67 68 68 69 71 72 72 72 74 74 75 76 76 76 77 77 77 78 79 79 80 81 81 82 82 83 84 85 86 90 94 95 96 96 96 96 97 
1 1 2 3 4 4 5 6 6 7 7 7 8 8 9 9 9 10 10 12 12 13 13 13 16 17 17 18 19 21 22 22 22 22 24 24 24 27 28 28 29 31 32 32 34 34 36 36 37 37 37 38 39 39 39 40 41 42 42 43 43 44 46 48 50 51 51 52 53 53 53 54 54 54 54 55 56 57 59 60 61 61 61 62 65 65 66 66 66 66 66 67 68 68 69 71 72 72 72 74 74 75 76 76 76 77 77 77 78 79 79 80 81 81 82 82 83 84 85 86 90 94 95 96 96 96 96 97 
1 1 2 3 4 4 5 6 6 7 7 7 8 8 9 9 9 10 10 12 12 13 13 13 16 17 17 18 19 21 22 22 22 22 24 24 24 27 28 28 29 31 32 32 34 34 36 36 37 37 37 38 39 39 39 40 41 42 42 43 43 44 46 48 50 51 51 52 53 53 53 54 54 54 54 55 56 57 59 60 61 61 61 62 65 65 66 66 66 66 66 67 68 68 69 71 72 72 72 74 74 75 76 76 76 77 77 77 78 79 79 80 81 81 82 82 83 84 85 86 90 94 95 96 96 96 96 97 
1 1 2 3 4 4 5 6 6 7 7 7 8 8 9 9 9 10 10 12 12 13 13 13 16 17 17 18 19 21 22 22 22 22 24 24 24 27 28 28 29 31 32 32 34 34 36 36 37 37 37 38 39 39 39 40 41 42 42 43 43 44 46 48 50 51 51 52 53 53 53 54 54 54 54 55 56 57 59 60 61 61 61 62 65 65 66 66 66 66 66 67 68 68 69 71 72 72 72 74 74 75 76 76 76 77 77 77 78 79 79 80 81 81 82 82 83 84 85 86 90 94 95 96 96 96 96 97 
1 1 2 3 4 4 5 6 6 7 7 7 8 8 9 9 9 10 10 12 12 13 13 13 16 17 17 18 19 21 22 22 22 22 24 24 24 27 28 28 29 31 32 32 34 34 36 36 37 37 37 38 39 39 39 40 41 42 42 43 43 44 46 48 50 51 51 52 53 53 53 54 54 54 54 55 56 57 59 60 61 61 61 62 65 65 66 66 66 66 66 67 68 68 69 71 72 72 72 74 74 75 76 76 76 77 77 77 78 79 79 80 81 81 82 82 83 84 85 86 90 94 95 96 96 96 96 97 
1 1 2 3 4 4 5 6 6 7 7 7 8 8 9 9 9 10 10 12 12 13 13 13 16 17 17 18 19 21 22 22 22 22 24 24 24 27 28 28 29 31 32 32 34 34 36 36 37 37 37 38 39 39 39 40 41 42 42 43 43 44 46 48 50 51 51 52 53 53 53 54 54 54 54 55 56 57 59 60 61 61 61 62 65 65 66 66 66 66 66 67 68 68 69 71 72 72 72 74 74 75 76 76 76 77 77 77 78 79 79 80 81 81 82 82 83 84 85 86 90 94 95 96 96 96 96 97 
1 1 2 3 4 4 5 6 6 7 7 7 8 8 9 9 9 10 10 12 12 13 13 13 16 17 17 18 19 21 22 22 22 22 24 24 24 27 28 28 29 31 32 32 34 34 36 36 37 37 37 38 39 39 39 40 41 42 42 43 43 44 46 48 50 51 51 52 53 53 53 54 54 54 54 55 56 57 59 60 61 61 61 62 65 65 66 66 66 66 66 67 68 68 69 71 72 72 72 74 74 75 76 76 76 77 77 77 78 79 79 80 81 81 82 82 83 84 85 86 90 94 95 96 96 96 96 97 
1 1 2 3 4 4 5 6 6 7 7 7 8 8 9 9 9 10 10 12 12 13 13 13 16 17 17 18 19 21 22 22 22 22 24 24 24 27 28 28 29 31 32 32 34 34 36 36 37 37 37 38 39 39 39 40 41 42 42 43 43 44 46 48 50 51 51 52 53 53 53 54 54 54 54 55 56 57 59 60 61 61 61 62 65 65 66 66 66 66 66 67 68 68 69 71 72 72 72 74 74 75 76 76 76 77 77 77 78 79 79 80 81 81 82 82 83 84 85 86 90 94 95 96 96 96 96 97 
1 1 2 3 4 4 5 6 6 7 7 7 8 8 9 9 9 10 10 12 12 13 13 13 16 17 17 18 19 21 22 22 22 22 24 24 24 27 28 28 29 31 32 32 34 34 36 36 37 37 37 38 39 39 39 40 41 42 42 43 43 44 46 48 50 51 51 52 53 53 53 54 54 54 54 55 56 57 59 60 61 61 61 62 65 65 66 66 66 66 66 67 68 68 69 71 72 72 72 74 74 75 76 76 76 77 77 77 78 79 79 80 81 81 82 82 83 84 85 86 90 94 95 96 96 96 96 97 
1 1 2 3 4 4 5 6 6 7 7 7 8 8 9 9 9 10 10 12 12 13 13 13 16 17 17 18 19 21 22 22 22 22 24 24 24 27 28 28 29 31 32 32 34 34 36 36 37 37 37 38 39 39 39 40 41 42 42 43 43 44 46 48 50 51 51 52 53 53 53 54 54 54 54 55 56 57 59 60 61 61 61 62 65 65 66 66 66 66 66 67 68 68 69 71 72 72 72 74 74 75 76 76 76 77 77 77 78 79 79 80 81 81 82 82 83 84 85 86 90 94 95 96 96 96 96 97 
1 1 2 3 4 4 5 6 6 7 7 7 8 8 9 9 9 10 10 12 12 13 13 13 16 17 17 18 19 21 22 22 22 22 24 24 24 27 28 28 29 31 32 32 34 34 36 36 37 37 37 38 39 39 39 40 41 42 42 43 43 44 46 48 50 51 51 52 53 53 53 54 54 54 54 55 56 57 59 60 61 61 61 62 65 65 66 66 66 66 66 67 68 68 69 71 72 72 72 74 74 75 76 76 76 77 77 77 78 79 79 80 81 81 82 82 83 84 85 86 90 94 95 96 96 96 96 97 
1 1 2 3 4 4 5 6 6 7 7 7 8 8 9 9 9 10 10 12 12 13 13 13 16 17 17 18 19 21 22 22 22 22 24 24 24 27 28 28 29 31 32 32 34 34 36 36 37 37 37 38 39 39 39 40 41 42 42 43 43 44 46 48 50 51 51 52 53 53 53 54 54 54 54 55 56 57 59 60 61 61 61 62 65 65 66 66 66 66 66 67 68 68 69 71 72 72 72 74 74 75 76 76 76 77 77 77 78 79 79 80 81 81 82 82 83 84 85 86 90 94 95 96 96 96 96 97 
1 1 2 3 4 4 5 6 6 7 7 7 8 8 9 9 9 10 10 12 12 13 13 13 16 17 17 18 19 21 22 22 22 22 24 24 24 27 28 28 29 31 32 32 34 34 36 36 37 37 37 38 39 39 39 40 41 42 42 43 43 44 46 48 50 51 51 52 53 53 53 54 54 54 54 55 56 57 59 60 61 61 61 62 65 65 66 66 66 66 66 67 68 68 69 71 72 72 72 74 74 75 76 76 76 77 77 77 78 79 79 80 81 81 82 82 83 84 85 86 90 94 95 96 96 96 96 97 
1 1 2 3 4 4 5 6 6 7 7 7 8 8 9 9 9 10 10 12 12 13 13 13 16 17 17 18 19 21 22 22 22 22 24 24 24 27 28 28 29 31 32 32 34 34 36 36 37 37 37 38 39 39 39 40 41 42 42 43 43 44 46 48 50 51 51 52 53 53 53 54 54 54 54 55 56 57 59 60 61 61 61 62 65 65 66 66 66 66 66 67 68 68 69 71 72 72 72 74 74 75 76 76 76 77 77 77 78 79 79 80 81 81 82 82 83 84 85 86 90 94 95 96 96 96 96 97 
1 1 2 3 4 4 5 6 6 7 7 7 8 8 9 9 9 10 10 12 12 13 13 13 16 17 17 18 19 21 22 22 22 22 24 24 24 27 28 28 29 31 32 32 34 34 36 36 37 37 37 38 39 39 39 40 41 42 42 43 43 44 46 48 50 51 51 52 53 53 53 54 54 54 54 55 56 57 59 60 61 61 61 62 65 65 66 66 66 66 66 67 68 68 69 71 72 72 72 74 74 75 76 76 76 77 77 77 78 79 79 80 81 81 82 82 83 84 85 86 90 94 95 96 96 96 96 97 
1 1 2 3 4 4 5 6 6 7 7 7 8 8 9 9 9 10 10 12 12 13 13 13 16 17 17 18 19 21 22 22 22 22 24 24 24 27 28 28 29 31 32 32 34 34 36 36 37 37 37 38 39 39 39 40 41 42 42 43 43 44 46 48 50 51 51 52 53 53 53 54 54 54 54 55 56 57 59 60 61 61 61 62 65 65 66 66 66 66 66 67 68 68 69 71 72 72 72 74 74 75 76 76 76 77 77 77 78 79 79 80 81 81 82 82 83 84 85 86 90 94 95 96 96 96 96 97 
1 1 2 3 4 4 5 6 6 7 7 7 8 8 9 9 9 10 10 12 12 13 13 13 16 17 17 18 19 21 22 22 22 22 24 24 24 27 28 28 29 31 32 32 34 34 36 36 37 37 37 38 39 39 39 40 41 42 42 43 43 44 46 48 50 51 51 52 53 53 53 54 54 54 54 55 56 57 59 60 61 61 61 62 65 65 66 66 66 66 66 67 68 68 69 71 72 72 72 74 74 75 76 76 76 77 77 77 78 79 79 80 81 81 82 82 83 84 85 86 90 94 95 96 96 96 96 97 
1 1 2 3 4 4 5 6 6 7 7 7 8 8 9 9 9 10 10 12 12 13 13 13 16 17 17 18 19 21 22 22 22 22 24 24 24 27 28 28 29 31 32 32 34 34 36 36 37 37 37 38 39 39 39 40 41 42 42 43 43 44 46 48 50 51 51 52 53 53 53 54 54 54 54 55 56 57 59 60 61 61 61 62 65 65 66 66 66 66 66 67 68 68 69 71 72 72 72 74 74 75 76 76 76 77 77 77 78 79 79 80 81 81 82 82 83 84 85 86 90 94 95 96 96 96 96 97 
1 1 2 3 4 4 5 6 6 7 7 7 8 8 9 9 9 10 10 12 12 13 13 13 16 17 17 18 19 21 22 22 22 22 24 24 24 27 28 28 29 31 32 32 34 34 36 36 37 37 37 38 39 39 39 40 41 42 42 43 43 44 46 48 50 51 51 52 53 53 53 54 54 54 54 55 56 57 59 60 61 61 61 62 65 65 66 66 66 66 66 67 68 68 69 71 72 72 72 74 74 75 76 76 76 77 77 77 78 79 79 80 81 81 82 82 83 84 85 86 90 94 95 96 96 96 96 97 
1 1 2 3 4 4 5 6 6 7 7 7 8 8 9 9 9 10 10 12 12 13 13 13 16 17 17 18 19 21 22 22 22 22 24 24 24 27 28 28 29 31 32 32 34 34 36 36 37 37 37 38 39 39 39 40 41 42 42 43 43 44 46 48 50 51 51 52 53 53 53 54 54 54 54 55 56 57 59 60 61 61 61 62 65 65 66 66 66 66 66 67 68 68 69 71 72 72 72 74 74 75 76 76 76 77 77 77 78 79 79 80 81 81 82 82 83 84 85 86 90 94 95 96 96 96 96 97 
1 1 2 3 4 4 5 6 6 7 7 7 8 8 9 9 9 10 10 12 12 13 13 13 16 17 17 18 19 21 22 22 22 22 24 24 24 27 28 28 29 31 32 32 34 34 36 36 37 37 37 38 39 39 39 40 41 42 42 43 43 44 46 48 50 51 51 52 53 53 53 54 54 54 54 55 56 57 59 60 61 61 61 62 65 65 66 66 66 66 66 67 68 68 69 71 72 72 72 74 74 75 76 76 76 77 77 77 78 79 79 80 81 81 82 82 83 84 85 86 90 94 95 96 96 96 96 97 
1 1 2 3 4 4 5 6 6 7 7 7 8 8 9 9 9 10 10 12 12 13 13 13 16 17 17 18 19 21 22 22 22 22 24 24 24 27 28 28 29 31 32 32 34 34 36 36 37 37 37 38 39 39 39 40 41 42 42 43 43 44 46 48 50 51 51 52 53 53 53 54 54 54 54 55 56 57 59 60 61 61 61 62 65 65 66 66 66 66 66 67 68 68 69 71 72 72 72 74 74 75 76 76 76 77 77 77 78 79 79 80 81 81 82 82 83 84 85 86 90 94 95 96 96 96 96 97 
1 1 2 3 4 4 5 6 6 7 7 7 8 8 9 9 9 10 10 12 12 13 13 13 16 17 17 18 19 21 22 22 22 22 24 24 24 27 28 28 29 31 32 32 34 34 36 36 37 37 37 38 39 39 39 40 41 42 42 43 43 44 46 48 50 51 51 52 53 53 53 54 54 54 54 55 56 57 59 60 61 61 61 62 65 65 66 66 66 66 66 67 68 68 69 71 72 72 72 74 74 75 76 76 76 77 77 77 78 79 79 80 81 81 82 82 83 84 85 86 90 94 95 96 96 96 96 97 
1 1 2 3 4 4 5 6 6 7 7 7 8 8 9 9 9 10 10 12 12 13 13 13 16 17 17 18 19 21 22 22 22 22 24 24 24 27 28 28 29 31 32 32 34 34 36 36 37 37 37 38 39 39 39 40 41 42 42 43 43 44 46 48 50 51 51 52 53 53 53 54 54 54 54 55 56 57 59 60 61 61 61 62 65 65 66 66 66 66 66 67 68 68 69 71 72 72 72 74 74 75 76 76 76 77 77 77 78 79 79 80 81 81 82 82 83 84 85 86 90 94 95 96 96 96 96 97 
1 1 2 3 4 4 5 6 6 7 7 7 8 8 9 9 9 10 10 12 12 13 13 13 16 17 17 18 19 21 22 22 22 22 24 24 24 27 28 28 29 31 32 32 34 34 36 36 37 37 37 38 39 39 39 40 41 42 42 43 43 44 46 48 50 51 51 52 53 53 53 54 54 54 54 55 56 57 59 60 61 61 61 62 65 65 66 66 66 66 66 67 68 68 69 71 72 72 72 74 74 75 76 76 76 77 77 77 78 79 79 80 81 81 82 82 83 84 85 86 90 94 95 96 96 96 96 97 
1 1 2 3 4 4 5 6 6 7 7 7 8 8 9 9 9 10 10 12 12 13 13 13 16 17 17 18 19 21 22 22 22 22 24 24 24 27 28 28 29 31 32 32 34 34 36 36 37 37 37 38 39 39 39 40 41 42 42 43 43 44 46 48 50 51 51 52 53 53 53 54 54 54 54 55 56 57 59 60 61 61 61 62 65 65 66 66 66 66 66 67 68 68 69 71 72 72 72 74 74 75 76 76 76 77 77 77 78 79 79 80 81 81 82 82 83 84 85 86 90 94 95 96 96 96 96 97 
1 1 2 3 4 4 5 6 6 7 7 7 8 8 9 9 9 10 10 12 12 13 13 13 16 17 17 18 19 21 22 22 22 22 24 24 24 27 28 28 29 31 32 32 34 34 36 36 37 37 37 38 39 39 39 40 41 42 42 43 43 44 46 48 50 51 51 52 53 53 53 54 54 54 54 55 56 57 59 60 61 61 61 62 65 65 66 66 66 66 66 67 68 68 69 71 72 72 72 74 74 75 76 76 76 77 77 77 78 79 79 80 81 81 82 82 83 84 85 86 90 94 95 96 96 96 96 97 
1 1 2 3 4 4 5 6 6 7 7 7 8 8 9 9 9 10 10 12 12 13 13 13 16 17 17 18 19 21 22 22 22 22 24 24 24 27 28 28 29 31 32 32 34 34 36 36 37 37 37 38 39 39 39 40 41 42 42 43 43 44 46 48 50 51 51 52 53 53 53 54 54 54 54 55 56 57 59 60 61 61 61 62 65 65 66 66 66 66 66 67 68 68 69 71 72 72 72 74 74 75 76 76 76 77 77 77 78 79 79 80 81 81 82 82 83 84 85 86 90 94 95 96 96 96 96 97 
1 1 2 3 4 4 5 6 6 7 7 7 8 8 9 9 9 10 10 12 12 13 13 13 16 17 17 18 19 21 22 22 22 22 24 24 24 27 28 28 29 31 32 32 34 34 36 36 37 37 37 38 39 39 39 40 41 42 42 43 43 44 46 48 50 51 51 52 53 53 53 54 54 54 54 55 56 57 59 60 61 61 61 62 65 65 66 66 66 66 66 67 68 68 69 71 72 72 72 74 74 75 76 76 76 77 77 77 78 79 79 80 81 81 82 82 83 84 85 86 90 94 95 96 96 96 96 97 
   Given 1 62 79 60 55 70 58 38 34 78 14 15 15 74 27 12 33 52 73 18 18 26 83 68 53 49 69 29 11 25 18 11 84 94 70 39 65 26 74 96 2 88 9 17 60 35 26 92 87 99 8 3 25 88 70 77 35 37 4 45 59 20 54 43 14 22 80 76 48 54 71 49 42 79 63 2 13 89 91 99 88 96 2 11 85 69 85 18 4 88 63 63 8 15 6 20 36 83 93 81 38 64 29 79 42 91 79 54 80 70 51 66 65 52 74 50 19 59 65 22 46 28 82 51 
      Result is 1 2 2 2 3 4 4 6 8 8 9 11 11 11 12 13 14 14 15 15 15 17 18 18 18 18 19 20 20 22 22 25 25 26 26 26 27 28 29 29 33 34 35 35 36 37 38 38 39 42 42 43 45 46 48 49 49 50 51 51 52 52 53 54 54 54 55 58 59 59 60 60 62 63 63 63 64 65 65 65 66 68 69 69 70 70 70 70 71 73 74 74 74 76 77 78 79 79 79 79 80 80 81 82 83 83 84 85 85 87 88 88 88 88 89 91 91 92 93 94 96 96 99 99 PASS
   Given 1 62 79 60 55 70 58 38 34 78 14 15 15 74 27 12 33 52 73 18 18 26 83 68 53 49 69 29 11 25 18 11 84 94 70 39 65 26 74 96 2 88 9 17 60 35 26 92 87 99 8 3 25 88 70 77 35 37 4 45 59 20 54 43 14 22 80 76 48 54 71 49 42 79 63 2 13 89 91 99 88 96 2 11 85 69 85 18 4 
      Result is 1 2 2 2 3 4 4 8 9 11 11 11 12 13 14 14 15 15 17 18 18 18 18 20 22 25 25 26 26 26 27 29 33 34 35 35 37 38 39 42 43 45 48 49 49 52 53 54 54 55 58 59 60 60 62 63 65 68 69 69 70 70 70 71 73 74 74 76 77 78 79 79 80 83 84 85 85 87 88 88 88 89 91 92 94 96 96 99 99 PASS
   Given 1 62 79 60 55 70 58 38 34 78 14 15 15 74 27 12 33 52 73 18 18 26 83 68 53 49 69 29 11 25 18 11 84 94 70 39 65 26 74 96 2 88 9 17 60 35 26 92 87 99 8 3 25 88 70 77 35 37 4 45 59 20 54 43 14 22 80 76 48 54 71 49 42 79 63 2 13 89 91 99 88 96 2 11 85 69 85 18 4 88 63 63 8 15 6 20 36 
      Result is 1 2 2 2 3 4 4 6 8 8 9 11 11 11 12 13 14 14 15 15 15 17 18 18 18 18 20 20 22 25 25 26 26 26 27 29 33 34 35 35 36 37 38 39 42 43 45 48 49 49 52 53 54 54 55 58 59 60 60 62 63 63 63 65 68 69 69 70 70 70 71 73 74 74 76 77 78 79 79 80 83 84 85 85 87 88 88 88 88 89 91 92 94 96 96 99 99 PASS
   Given 1 62 79 60 55 70 58 38 34 78 14 15 15 74 27 12 33 52 73 18 18 26 83 68 53 49 69 29 11 25 18 11 84 94 70 39 65 26 74 96 2 88 9 17 60 35 26 92 87 99 8 3 25 88 70 77 35 37 4 45 59 20 54 43 14 22 80 76 48 54 71 49 42 79 63 2 13 89 
      Result is 1 11 11 12 14 15 15 18 18 18 25 26 26 27 29 33 34 38 39 49 52 53 55 58 60 62 65 68 69 70 70 73 74 78 79 83 84 94 2 3 8 9 17 25 26 35 35 60 70 74 77 87 88 88 92 96 99 2 4 13 14 20 22 37 42 43 45 48 49 54 54 59 63 71 76 79 80 89 PASS
   Given 1 62 79 60 55 70 58 38 34 78 14 15 15 74 27 12 33 52 73 18 18 26 83 68 53 49 69 29 11 25 18 11 84 94 70 39 65 26 74 96 2 88 9 17 60 35 26 92 87 99 8 3 25 88 70 77 35 37 4 45 59 20 54 43 14 22 80 76 48 54 71 49 42 79 63 2 13 89 91 99 88 96 2 11 85 69 85 18 4 88 63 63 8 15 
      Result is 1 2 9 11 11 12 14 15 15 17 18 18 18 25 26 26 27 29 33 34 35 38 39 49 52 53 55 58 60 60 62 65 68 69 70 70 73 74 74 78 79 83 84 88 94 96 3 4 8 14 20 22 25 26 35 37 43 45 48 54 59 70 76 77 80 87 88 92 99 2 2 4 8 11 13 15 18 42 49 54 63 63 63 69 71 79 85 85 88 88 89 91 96 99 PASS
   Given 1 62 79 60 55 70 58 38 34 78 14 15 15 74 27 12 33 52 73 18 18 26 83 68 53 49 69 29 11 25 18 11 84 94 70 39 65 26 74 96 2 88 9 17 60 35 26 92 87 99 8 3 25 88 70 77 35 37 4 45 59 20 54 43 14 22 80 76 48 54 71 49 42 79 63 2 13 89 91 99 88 96 2 11 85 69 85 18 
      Result is 1 2 2 2 3 4 8 9 11 11 11 12 13 14 14 15 15 17 18 18 18 18 20 22 25 25 26 26 26 27 29 33 34 35 35 37 38 39 42 43 45 48 49 49 52 53 54 54 55 58 59 60 60 62 63 65 68 69 69 70 70 70 71 73 74 74 76 77 78 79 79 80 83 84 85 85 87 88 88 88 89 91 92 94 96 96 99 99 PASS
   Given 1 62 79 60 55 70 58 38 34 78 14 15 15 74 27 12 33 52 73 18 18 26 83 68 53 49 69 29 11 25 18 11 84 94 70 39 65 26 74 96 2 88 9 17 60 35 26 92 87 99 8 3 25 88 70 77 35 37 4 45 59 20 54 43 14 22 80 76 48 54 71 49 42 79 63 2 13 89 91 99 88 96 2 11 
      Result is 1 2 2 2 3 4 8 9 11 11 11 12 13 14 14 15 15 17 18 18 18 20 22 25 25 26 26 26 27 29 33 34 35 35 37 38 39 42 43 45 48 49 49 52 53 54 54 55 58 59 60 60 62 63 65 68 69 70 70 70 71 73 74 74 76 77 78 79 79 80 83 84 87 88 88 88 89 91 92 94 96 96 99 99 PASS
   Given 1 62 79 60 55 70 58 38 34 78 14 15 15 74 27 12 33 52 73 18 18 26 83 68 53 49 69 29 11 25 18 11 84 94 70 39 65 26 74 96 2 88 9 17 60 35 26 92 87 99 8 3 25 88 70 77 35 37 4 45 59 20 54 43 14 22 80 76 48 54 71 49 42 79 63 2 13 89 91 99 88 96 2 11 85 69 85 18 4 88 63 63 8 15 6 20 36 83 93 81 38 64 29 79 42 91 79 54 80 70 51 66 
      Result is 1 2 2 2 3 4 4 6 8 8 9 11 11 11 12 13 14 14 15 15 15 17 18 18 18 18 20 20 22 25 25 26 26 26 27 29 29 33 34 35 35 36 37 38 38 39 42 42 43 45 48 49 49 51 52 53 54 54 54 55 58 59 60 60 62 63 63 63 64 65 66 68 69 69 70 70 70 70 71 73 74 74 76 77 78 79 79 79 79 80 80 81 83 83 84 85 85 87 88 88 88 88 89 91 91 92 93 94 96 96 99 99 PASS
   Given 1 62 79 60 55 70 58 38 34 78 14 15 15 74 27 12 33 52 73 18 18 26 83 68 53 49 69 29 11 25 18 11 84 94 70 39 65 26 74 96 2 88 9 17 60 35 26 92 87 99 8 3 25 88 70 77 35 37 4 45 59 20 54 43 14 22 80 76 48 54 71 49 42 79 63 2 13 89 91 99 88 96 2 11 85 69 85 18 4 88 63 63 8 15 6 20 36 83 93 81 38 64 29 79 42 91 79 54 80 70 51 66 
      Result is 1 2 2 2 3 4 4 6 8 8 9 11 11 11 12 13 14 14 15 15 15 17 18 18 18 18 20 20 22 25 25 26 26 26 27 29 29 33 34 35 35 36 37 38 38 39 42 42 43 45 48 49 49 51 52 53 54 54 54 55 58 59 60 60 62 63 63 63 64 65 66 68 69 69 70 70 70 70 71 73 74 74 76 77 78 79 79 79 79 80 80 81 83 83 84 85 85 87 88 88 88 88 89 91 91 92 93 94 96 96 99 99 PASS
   Given 98 14 4 35 96 27 73 91 18 7 50 57 80 6 75 12 74 80 85 36 64 34 56 50 16 77 83 68 12 37 30 8 50 33 42 44 57 14 34 75 20 83 32 97 88 5 7 60 84 89 93 47 23 50 94 39 27 78 5 38 13 32 45 61 63 84 5 20 97 38 92 15 19 24 12 5 28 18 65 11 8 58 55 28 8 
      Result is 4 5 5 5 5 6 7 7 8 8 8 11 12 12 12 13 14 14 15 16 18 18 19 20 20 23 24 27 27 28 28 30 32 32 33 34 34 35 36 37 38 38 39 42 44 45 47 50 50 50 50 55 56 57 57 58 60 61 63 64 65 68 73 74 75 75 77 78 80 80 83 83 84 84 85 88 89 91 92 93 94 96 97 97 98 PASS
PASS
PASS
PASS
PASS
PASS
PASS
PASS
PASS
PASS
PASS
PASS
PASS
PASS
PASS
PASS
PASS
PASS
PASS
PASS
PASS










PASS
PASS
PASS
PASS
PASS
PASS
PASS
PASS
PASS
PASS
PASS
PASS
PASS
PASS
PASS
PASS
PASS
PASS
PASS
PASS
